[0.051s] Invoking command in '/home/user/ros2_ws/build/my_components': CMAKE_PREFIX_PATH=${CMAKE_PREFIX_PATH}:/home/simulations/ros2_sims_ws/install/turtlebot3_teleop:/home/simulations/ros2_sims_ws/install/turtlebot3_example:/home/simulations/ros2_sims_ws/install/services_pkg:/opt/ros/humble _=/usr/bin/env /usr/bin/cmake --build /home/user/ros2_ws/build/my_components -- -j8 -l8
[0.276s] -- Found ament_cmake: 1.3.2 (/opt/ros/humble/share/ament_cmake/cmake)
[0.596s] -- Found rclcpp: 16.0.1 (/opt/ros/humble/share/rclcpp/cmake)
[0.780s] -- Found rosidl_generator_c: 3.1.3 (/opt/ros/humble/share/rosidl_generator_c/cmake)
[0.792s] -- Found rosidl_adapter: 3.1.3 (/opt/ros/humble/share/rosidl_adapter/cmake)
[0.899s] -- Found rosidl_generator_cpp: 3.1.3 (/opt/ros/humble/share/rosidl_generator_cpp/cmake)
[0.935s] -- Using all available rosidl_typesupport_c: rosidl_typesupport_fastrtps_c;rosidl_typesupport_introspection_c
[0.982s] -- Using all available rosidl_typesupport_cpp: rosidl_typesupport_fastrtps_cpp;rosidl_typesupport_introspection_cpp
[1.217s] -- Found rmw_implementation_cmake: 6.1.0 (/opt/ros/humble/share/rmw_implementation_cmake/cmake)
[1.217s] -- Found rmw_fastrtps_cpp: 6.2.1 (/opt/ros/humble/share/rmw_fastrtps_cpp/cmake)
[1.731s] -- Using RMW implementation 'rmw_fastrtps_cpp' as default
[2.045s] -- Found rclcpp_components: 16.0.1 (/opt/ros/humble/share/rclcpp_components/cmake)
[2.375s] -- Found composition: 0.20.2 (/opt/ros/humble/share/composition/cmake)
[2.376s] -- Found geometry_msgs: 4.2.2 (/opt/ros/humble/share/geometry_msgs/cmake)
[2.463s] -- Found ament_lint_auto: 0.12.4 (/opt/ros/humble/share/ament_lint_auto/cmake)
[2.607s] -- Added test 'cppcheck' to perform static code analysis on C / C++ code
[2.607s] -- Configured cppcheck include dirs: /home/user/ros2_ws/src/my_components/include
[2.608s] -- Configured cppcheck exclude dirs and/or files: 
[2.608s] -- Added test 'flake8' to check Python code syntax and style conventions
[2.610s] -- Added test 'lint_cmake' to check CMake code style
[2.611s] -- Added test 'pep257' to check Python code against some of the docstring style conventions in PEP 257
[2.613s] -- Added test 'uncrustify' to check C / C++ code style
[2.613s] -- Configured uncrustify additional arguments: 
[2.614s] -- Added test 'xmllint' to check XML markup files
[2.617s] -- Configuring done
[2.652s] -- Generating done
[2.656s] -- Build files have been written to: /home/user/ros2_ws/build/my_components
[2.704s] [35m[1mConsolidate compiler generated dependencies of target moverobot_component[0m
[2.823s] [ 50%] Built target moverobot_component
[2.858s] [ 75%] [32mBuilding CXX object CMakeFiles/manual_composition.dir/src/manual_composition.cpp.o[0m
[8.883s] [01m[K/home/user/ros2_ws/src/my_components/src/manual_composition.cpp:4:10:[m[K [01;31m[Kfatal error: [m[Kmy_components/readodom_component.hpp: No such file or directory
[8.883s]     4 | #include [01;31m[K"my_components/readodom_component.hpp"[m[K
[8.884s]       |          [01;31m[K^~~~~~~~~~~~~~~~~~~~~~~~~~~~~~~~~~~~~~[m[K
[8.884s] compilation terminated.
[8.890s] gmake[2]: *** [CMakeFiles/manual_composition.dir/build.make:76: CMakeFiles/manual_composition.dir/src/manual_composition.cpp.o] Error 1
[8.890s] gmake[1]: *** [CMakeFiles/Makefile2:165: CMakeFiles/manual_composition.dir/all] Error 2
[8.890s] gmake: *** [Makefile:146: all] Error 2
[8.894s] Invoked command in '/home/user/ros2_ws/build/my_components' returned '2': CMAKE_PREFIX_PATH=${CMAKE_PREFIX_PATH}:/home/simulations/ros2_sims_ws/install/turtlebot3_teleop:/home/simulations/ros2_sims_ws/install/turtlebot3_example:/home/simulations/ros2_sims_ws/install/services_pkg:/opt/ros/humble _=/usr/bin/env /usr/bin/cmake --build /home/user/ros2_ws/build/my_components -- -j8 -l8
