[0.040s] Invoking command in '/home/user/ros2_ws/build/my_components': CMAKE_PREFIX_PATH=${CMAKE_PREFIX_PATH}:/home/simulations/ros2_sims_ws/install/turtlebot3_teleop:/home/simulations/ros2_sims_ws/install/turtlebot3_example:/home/simulations/ros2_sims_ws/install/services_pkg:/opt/ros/humble _=/usr/bin/env /usr/bin/cmake --build /home/user/ros2_ws/build/my_components -- -j8 -l8
[2.917s] -- Found ament_cmake: 1.3.2 (/opt/ros/humble/share/ament_cmake/cmake)
[3.471s] -- Found rclcpp: 16.0.1 (/opt/ros/humble/share/rclcpp/cmake)
[3.690s] -- Found rosidl_generator_c: 3.1.3 (/opt/ros/humble/share/rosidl_generator_c/cmake)
[3.700s] -- Found rosidl_adapter: 3.1.3 (/opt/ros/humble/share/rosidl_adapter/cmake)
[3.795s] -- Found rosidl_generator_cpp: 3.1.3 (/opt/ros/humble/share/rosidl_generator_cpp/cmake)
[3.829s] -- Using all available rosidl_typesupport_c: rosidl_typesupport_fastrtps_c;rosidl_typesupport_introspection_c
[3.875s] -- Using all available rosidl_typesupport_cpp: rosidl_typesupport_fastrtps_cpp;rosidl_typesupport_introspection_cpp
[4.206s] -- Found rmw_implementation_cmake: 6.1.0 (/opt/ros/humble/share/rmw_implementation_cmake/cmake)
[4.213s] -- Found rmw_fastrtps_cpp: 6.2.1 (/opt/ros/humble/share/rmw_fastrtps_cpp/cmake)
[4.978s] -- Using RMW implementation 'rmw_fastrtps_cpp' as default
[5.325s] -- Found rclcpp_components: 16.0.1 (/opt/ros/humble/share/rclcpp_components/cmake)
[5.674s] -- Found composition: 0.20.2 (/opt/ros/humble/share/composition/cmake)
[5.675s] -- Found geometry_msgs: 4.2.2 (/opt/ros/humble/share/geometry_msgs/cmake)
[5.760s] -- Found ament_lint_auto: 0.12.4 (/opt/ros/humble/share/ament_lint_auto/cmake)
[5.908s] -- Added test 'cppcheck' to perform static code analysis on C / C++ code
[5.908s] -- Configured cppcheck include dirs: /home/user/ros2_ws/src/my_components/include
[5.908s] -- Configured cppcheck exclude dirs and/or files: 
[5.910s] -- Added test 'flake8' to check Python code syntax and style conventions
[5.912s] -- Added test 'lint_cmake' to check CMake code style
[5.912s] -- Added test 'pep257' to check Python code against some of the docstring style conventions in PEP 257
[5.915s] -- Added test 'uncrustify' to check C / C++ code style
[5.915s] -- Configured uncrustify additional arguments: 
[5.918s] -- Added test 'xmllint' to check XML markup files
[5.922s] -- Configuring done
[6.050s] -- Generating done
[6.053s] -- Build files have been written to: /home/user/ros2_ws/build/my_components
[6.201s] [35m[1mConsolidate compiler generated dependencies of target moverobot_component[0m
[7.091s] [ 50%] Built target moverobot_component
[7.126s] [ 75%] [32mBuilding CXX object CMakeFiles/manual_composition.dir/src/manual_composition.cpp.o[0m
[16.230s] [01m[K/home/user/ros2_ws/src/my_components/src/manual_composition.cpp:4:10:[m[K [01;31m[Kfatal error: [m[Kmy_components/readodom_component.hpp: No such file or directory
[16.230s]     4 | #include [01;31m[K"my_components/readodom_component.hpp"[m[K
[16.230s]       |          [01;31m[K^~~~~~~~~~~~~~~~~~~~~~~~~~~~~~~~~~~~~~[m[K
[16.230s] compilation terminated.
[16.291s] gmake[2]: *** [CMakeFiles/manual_composition.dir/build.make:76: CMakeFiles/manual_composition.dir/src/manual_composition.cpp.o] Error 1
[16.291s] gmake[1]: *** [CMakeFiles/Makefile2:165: CMakeFiles/manual_composition.dir/all] Error 2
[16.291s] gmake: *** [Makefile:146: all] Error 2
[16.293s] Invoked command in '/home/user/ros2_ws/build/my_components' returned '2': CMAKE_PREFIX_PATH=${CMAKE_PREFIX_PATH}:/home/simulations/ros2_sims_ws/install/turtlebot3_teleop:/home/simulations/ros2_sims_ws/install/turtlebot3_example:/home/simulations/ros2_sims_ws/install/services_pkg:/opt/ros/humble _=/usr/bin/env /usr/bin/cmake --build /home/user/ros2_ws/build/my_components -- -j8 -l8
