[0.097s] Invoking command in '/home/user/ros2_ws/build/topic_subscriber_pkg': CMAKE_PREFIX_PATH=${CMAKE_PREFIX_PATH}:/home/simulations/ros2_sims_ws/install/turtlebot3_teleop:/home/simulations/ros2_sims_ws/install/turtlebot3_example:/home/simulations/ros2_sims_ws/install/services_pkg:/opt/ros/humble _=/usr/bin/env /usr/bin/cmake /home/user/ros2_ws/src/topic_subscriber_pkg -DCMAKE_INSTALL_PREFIX=/home/user/ros2_ws/install/topic_subscriber_pkg
[9.571s] -- The C compiler identification is GNU 11.2.0
[9.587s] -- The CXX compiler identification is GNU 11.2.0
[9.587s] -- Detecting C compiler ABI info
[9.587s] -- Detecting C compiler ABI info - done
[9.587s] -- Check for working C compiler: /usr/bin/cc - skipped
[9.587s] -- Detecting C compile features
[9.587s] -- Detecting C compile features - done
[9.587s] -- Detecting CXX compiler ABI info
[9.587s] -- Detecting CXX compiler ABI info - done
[9.587s] -- Check for working CXX compiler: /usr/bin/c++ - skipped
[9.588s] -- Detecting CXX compile features
[9.588s] -- Detecting CXX compile features - done
[9.588s] -- Found ament_cmake: 1.3.2 (/opt/ros/humble/share/ament_cmake/cmake)
[9.588s] -- Found Python3: /usr/bin/python3.10 (found version "3.10.6") found components: Interpreter 
[9.588s] -- Found rclcpp: 16.0.1 (/opt/ros/humble/share/rclcpp/cmake)
[9.588s] -- Found rosidl_generator_c: 3.1.3 (/opt/ros/humble/share/rosidl_generator_c/cmake)
[9.588s] -- Found rosidl_adapter: 3.1.3 (/opt/ros/humble/share/rosidl_adapter/cmake)
[9.589s] -- Found rosidl_generator_cpp: 3.1.3 (/opt/ros/humble/share/rosidl_generator_cpp/cmake)
[9.589s] -- Using all available rosidl_typesupport_c: rosidl_typesupport_fastrtps_c;rosidl_typesupport_introspection_c
[9.589s] -- Using all available rosidl_typesupport_cpp: rosidl_typesupport_fastrtps_cpp;rosidl_typesupport_introspection_cpp
[9.589s] -- Found rmw_implementation_cmake: 6.1.0 (/opt/ros/humble/share/rmw_implementation_cmake/cmake)
[9.589s] -- Found rmw_fastrtps_cpp: 6.2.1 (/opt/ros/humble/share/rmw_fastrtps_cpp/cmake)
[9.590s] -- Found OpenSSL: /usr/lib/x86_64-linux-gnu/libcrypto.so (found version "3.0.2")  
[9.590s] -- Found FastRTPS: /opt/ros/humble/include  
[9.590s] -- Using RMW implementation 'rmw_fastrtps_cpp' as default
[9.590s] -- Found nav_msgs: 4.2.2 (/opt/ros/humble/share/nav_msgs/cmake)
[9.899s] -- Found sensor_msgs: 4.2.2 (/opt/ros/humble/share/sensor_msgs/cmake)
[10.676s] -- Found ament_lint_auto: 0.12.4 (/opt/ros/humble/share/ament_lint_auto/cmake)
[11.472s] -- Added test 'cppcheck' to perform static code analysis on C / C++ code
[11.472s] -- Configured cppcheck include dirs: 
[11.473s] -- Configured cppcheck exclude dirs and/or files: 
[11.475s] -- Added test 'flake8' to check Python code syntax and style conventions
[11.479s] -- Added test 'lint_cmake' to check CMake code style
[11.482s] -- Added test 'pep257' to check Python code against some of the docstring style conventions in PEP 257
[11.484s] -- Added test 'uncrustify' to check C / C++ code style
[11.485s] -- Configured uncrustify additional arguments: 
[11.487s] -- Added test 'xmllint' to check XML markup files
[11.495s] -- Configuring done
[11.797s] -- Generating done
[11.797s] -- Build files have been written to: /home/user/ros2_ws/build/topic_subscriber_pkg
[11.982s] Invoked command in '/home/user/ros2_ws/build/topic_subscriber_pkg' returned '0': CMAKE_PREFIX_PATH=${CMAKE_PREFIX_PATH}:/home/simulations/ros2_sims_ws/install/turtlebot3_teleop:/home/simulations/ros2_sims_ws/install/turtlebot3_example:/home/simulations/ros2_sims_ws/install/services_pkg:/opt/ros/humble _=/usr/bin/env /usr/bin/cmake /home/user/ros2_ws/src/topic_subscriber_pkg -DCMAKE_INSTALL_PREFIX=/home/user/ros2_ws/install/topic_subscriber_pkg
[11.983s] Invoking command in '/home/user/ros2_ws/build/topic_subscriber_pkg': CMAKE_PREFIX_PATH=${CMAKE_PREFIX_PATH}:/home/simulations/ros2_sims_ws/install/turtlebot3_teleop:/home/simulations/ros2_sims_ws/install/turtlebot3_example:/home/simulations/ros2_sims_ws/install/services_pkg:/opt/ros/humble _=/usr/bin/env /usr/bin/cmake --build /home/user/ros2_ws/build/topic_subscriber_pkg -- -j8 -l8
[28.296s] [ 16%] [32mBuilding CXX object CMakeFiles/simple_subscriber_node.dir/src/simple_topic_subscriber.cpp.o[0m
[50.365s] [ 33%] [32m[1mLinking CXX executable simple_subscriber_node[0m
[51.482s] [ 33%] Built target simple_subscriber_node
[51.581s] [ 50%] [32mBuilding CXX object CMakeFiles/laser_subscriber_node.dir/src/laser_subscriber.cpp.o[0m
[247.231s] [01m[Kc++:[m[K [01;31m[Kfatal error: [m[KKilled signal terminated program cc1plus
[247.233s] compilation terminated.
[247.233s] gmake[2]: *** [CMakeFiles/laser_subscriber_node.dir/build.make:76: CMakeFiles/laser_subscriber_node.dir/src/laser_subscriber.cpp.o] Error 1
[247.236s] gmake[1]: *** [CMakeFiles/Makefile2:193: CMakeFiles/laser_subscriber_node.dir/all] Error 2
[247.236s] gmake: *** [Makefile:146: all] Error 2
