[0.032s] Invoking command in '/home/user/ros2_ws/build/my_components': CMAKE_PREFIX_PATH=${CMAKE_PREFIX_PATH}:/home/simulations/ros2_sims_ws/install/turtlebot3_teleop:/home/simulations/ros2_sims_ws/install/turtlebot3_example:/home/simulations/ros2_sims_ws/install/services_pkg:/opt/ros/humble _=/usr/bin/env /usr/bin/cmake --build /home/user/ros2_ws/build/my_components -- -j8 -l8
[0.078s] -- Found ament_cmake: 1.3.2 (/opt/ros/humble/share/ament_cmake/cmake)
[0.281s] -- Found rclcpp: 16.0.1 (/opt/ros/humble/share/rclcpp/cmake)
[0.330s] -- Found rosidl_generator_c: 3.1.3 (/opt/ros/humble/share/rosidl_generator_c/cmake)
[0.334s] -- Found rosidl_adapter: 3.1.3 (/opt/ros/humble/share/rosidl_adapter/cmake)
[0.343s] -- Found rosidl_generator_cpp: 3.1.3 (/opt/ros/humble/share/rosidl_generator_cpp/cmake)
[0.359s] -- Using all available rosidl_typesupport_c: rosidl_typesupport_fastrtps_c;rosidl_typesupport_introspection_c
[0.386s] -- Using all available rosidl_typesupport_cpp: rosidl_typesupport_fastrtps_cpp;rosidl_typesupport_introspection_cpp
[0.475s] -- Found rmw_implementation_cmake: 6.1.0 (/opt/ros/humble/share/rmw_implementation_cmake/cmake)
[0.478s] -- Found rmw_fastrtps_cpp: 6.2.1 (/opt/ros/humble/share/rmw_fastrtps_cpp/cmake)
[0.718s] -- Using RMW implementation 'rmw_fastrtps_cpp' as default
[0.957s] -- Found rclcpp_components: 16.0.1 (/opt/ros/humble/share/rclcpp_components/cmake)
[1.045s] -- Found composition: 0.20.2 (/opt/ros/humble/share/composition/cmake)
[1.045s] -- Found geometry_msgs: 4.2.2 (/opt/ros/humble/share/geometry_msgs/cmake)
[1.117s] -- Found nav_msgs: 4.2.2 (/opt/ros/humble/share/nav_msgs/cmake)
[1.235s] -- Found ament_lint_auto: 0.12.4 (/opt/ros/humble/share/ament_lint_auto/cmake)
[1.341s] -- Added test 'cppcheck' to perform static code analysis on C / C++ code
[1.341s] -- Configured cppcheck include dirs: /home/user/ros2_ws/src/my_components/include
[1.341s] -- Configured cppcheck exclude dirs and/or files: 
[1.342s] -- Added test 'flake8' to check Python code syntax and style conventions
[1.343s] -- Added test 'lint_cmake' to check CMake code style
[1.343s] -- Added test 'pep257' to check Python code against some of the docstring style conventions in PEP 257
[1.344s] -- Added test 'uncrustify' to check C / C++ code style
[1.344s] -- Configured uncrustify additional arguments: 
[1.345s] -- Added test 'xmllint' to check XML markup files
[1.346s] -- Configuring done
[1.363s] -- Generating done
[1.366s] -- Build files have been written to: /home/user/ros2_ws/build/my_components
[1.405s] [35m[1mConsolidate compiler generated dependencies of target moverobot_component[0m
[1.439s] [ 50%] Built target moverobot_component
[1.469s] [ 75%] [32mBuilding CXX object CMakeFiles/manual_composition.dir/src/manual_composition.cpp.o[0m
[1.825s] In file included from [01m[K/home/user/ros2_ws/src/my_components/src/manual_composition.cpp:4[m[K:
[1.826s] [01m[K/home/user/ros2_ws/src/my_components/include/my_components/readodom_component.hpp:5:10:[m[K [01;31m[Kfatal error: [m[Knav_msgs/msg/odometry.hpp: No such file or directory
[1.826s]     5 | #include [01;31m[K"nav_msgs/msg/odometry.hpp"[m[K
[1.826s]       |          [01;31m[K^~~~~~~~~~~~~~~~~~~~~~~~~~~[m[K
[1.826s] compilation terminated.
[1.831s] gmake[2]: *** [CMakeFiles/manual_composition.dir/build.make:76: CMakeFiles/manual_composition.dir/src/manual_composition.cpp.o] Error 1
[1.831s] gmake[1]: *** [CMakeFiles/Makefile2:165: CMakeFiles/manual_composition.dir/all] Error 2
[1.831s] gmake: *** [Makefile:146: all] Error 2
[1.835s] Invoked command in '/home/user/ros2_ws/build/my_components' returned '2': CMAKE_PREFIX_PATH=${CMAKE_PREFIX_PATH}:/home/simulations/ros2_sims_ws/install/turtlebot3_teleop:/home/simulations/ros2_sims_ws/install/turtlebot3_example:/home/simulations/ros2_sims_ws/install/services_pkg:/opt/ros/humble _=/usr/bin/env /usr/bin/cmake --build /home/user/ros2_ws/build/my_components -- -j8 -l8
