[0.029s] Invoking command in '/home/user/ros2_ws/build/my_components': CMAKE_PREFIX_PATH=${CMAKE_PREFIX_PATH}:/home/simulations/ros2_sims_ws/install/turtlebot3_teleop:/home/simulations/ros2_sims_ws/install/turtlebot3_example:/home/simulations/ros2_sims_ws/install/services_pkg:/opt/ros/humble _=/usr/bin/env /usr/bin/cmake --build /home/user/ros2_ws/build/my_components -- -j8 -l8
[0.071s] -- Found ament_cmake: 1.3.2 (/opt/ros/humble/share/ament_cmake/cmake)
[0.280s] -- Found rclcpp: 16.0.1 (/opt/ros/humble/share/rclcpp/cmake)
[0.335s] -- Found rosidl_generator_c: 3.1.3 (/opt/ros/humble/share/rosidl_generator_c/cmake)
[0.339s] -- Found rosidl_adapter: 3.1.3 (/opt/ros/humble/share/rosidl_adapter/cmake)
[0.348s] -- Found rosidl_generator_cpp: 3.1.3 (/opt/ros/humble/share/rosidl_generator_cpp/cmake)
[0.367s] -- Using all available rosidl_typesupport_c: rosidl_typesupport_fastrtps_c;rosidl_typesupport_introspection_c
[0.394s] -- Using all available rosidl_typesupport_cpp: rosidl_typesupport_fastrtps_cpp;rosidl_typesupport_introspection_cpp
[0.489s] -- Found rmw_implementation_cmake: 6.1.0 (/opt/ros/humble/share/rmw_implementation_cmake/cmake)
[0.493s] -- Found rmw_fastrtps_cpp: 6.2.1 (/opt/ros/humble/share/rmw_fastrtps_cpp/cmake)
[0.768s] -- Using RMW implementation 'rmw_fastrtps_cpp' as default
[1.062s] -- Found rclcpp_components: 16.0.1 (/opt/ros/humble/share/rclcpp_components/cmake)
[1.154s] -- Found composition: 0.20.2 (/opt/ros/humble/share/composition/cmake)
[1.155s] -- Found geometry_msgs: 4.2.2 (/opt/ros/humble/share/geometry_msgs/cmake)
[1.221s] -- Found nav_msgs: 4.2.2 (/opt/ros/humble/share/nav_msgs/cmake)
[1.356s] -- Found ament_lint_auto: 0.12.4 (/opt/ros/humble/share/ament_lint_auto/cmake)
[1.464s] -- Added test 'cppcheck' to perform static code analysis on C / C++ code
[1.465s] -- Configured cppcheck include dirs: /home/user/ros2_ws/src/my_components/include
[1.465s] -- Configured cppcheck exclude dirs and/or files: 
[1.465s] -- Added test 'flake8' to check Python code syntax and style conventions
[1.466s] -- Added test 'lint_cmake' to check CMake code style
[1.466s] -- Added test 'pep257' to check Python code against some of the docstring style conventions in PEP 257
[1.467s] -- Added test 'uncrustify' to check C / C++ code style
[1.467s] -- Configured uncrustify additional arguments: 
[1.467s] -- Added test 'xmllint' to check XML markup files
[1.468s] -- Configuring done
[1.489s] -- Generating done
[1.492s] -- Build files have been written to: /home/user/ros2_ws/build/my_components
[1.532s] [35m[1mConsolidate compiler generated dependencies of target moverobot_component[0m
[1.563s] [ 25%] [32mBuilding CXX object CMakeFiles/moverobot_component.dir/src/moverobot_component.cpp.o[0m
[10.368s] [ 50%] [32m[1mLinking CXX shared library libmoverobot_component.so[0m
[11.135s] [ 50%] Built target moverobot_component
[11.163s] [ 75%] [32mBuilding CXX object CMakeFiles/manual_composition.dir/src/manual_composition.cpp.o[0m
[22.946s] [100%] [32m[1mLinking CXX executable manual_composition[0m
[23.025s] /usr/bin/ld: cannot find -lreadodom_component: No such file or directory
[23.174s] collect2: error: ld returned 1 exit status
[23.180s] gmake[2]: *** [CMakeFiles/manual_composition.dir/build.make:187: manual_composition] Error 1
[23.180s] gmake[1]: *** [CMakeFiles/Makefile2:165: CMakeFiles/manual_composition.dir/all] Error 2
[23.180s] gmake: *** [Makefile:146: all] Error 2
[23.180s] Invoked command in '/home/user/ros2_ws/build/my_components' returned '2': CMAKE_PREFIX_PATH=${CMAKE_PREFIX_PATH}:/home/simulations/ros2_sims_ws/install/turtlebot3_teleop:/home/simulations/ros2_sims_ws/install/turtlebot3_example:/home/simulations/ros2_sims_ws/install/services_pkg:/opt/ros/humble _=/usr/bin/env /usr/bin/cmake --build /home/user/ros2_ws/build/my_components -- -j8 -l8
